<?xml version="1.0" encoding="UTF-8"?>
<!-- Generated by org.testng.reporters.JUnitReportReporter -->
<testsuite skipped="0" hostname="Testing-PC" name="com.computech.testcases.LoginTest" tests="1" failures="0" timestamp="11 Aug 2020 15:18:02 GMT" time="8.462" errors="0">
  <testcase name="login" time="8.462" classname="com.computech.testcases.LoginTest"/>
</testsuite> <!-- com.computech.testcases.LoginTest -->
