<?xml version="1.0" encoding="UTF-8"?>
<!-- Generated by org.testng.reporters.JUnitReportReporter -->
<testsuite skipped="0" hostname="Testing-PC" name="com.computech.unittest.TestBrowserFactory" tests="1" failures="0" timestamp="10 Aug 2020 14:39:26 GMT" time="11.108" errors="0">
  <testcase name="testBrowserLib" time="11.108" classname="com.computech.unittest.TestBrowserFactory"/>
</testsuite> <!-- com.computech.unittest.TestBrowserFactory -->
