<?xml version="1.0" encoding="UTF-8"?>
<!-- Generated by org.testng.reporters.JUnitReportReporter -->
<testsuite skipped="0" hostname="Testing-PC" name="com.computech.testcases.LoginTestDDT" tests="1" failures="0" timestamp="10 Aug 2020 15:19:01 GMT" time="2.301" errors="0">
  <testcase name="login" time="2.301" classname="com.computech.testcases.LoginTestDDT"/>
</testsuite> <!-- com.computech.testcases.LoginTestDDT -->
