<?xml version="1.0" encoding="UTF-8"?>
<!-- Generated by org.testng.reporters.JUnitReportReporter -->
<testsuite skipped="0" hostname="Testing-PC" name="com.computech.testcases.LogoutTest" tests="1" failures="0" timestamp="11 Aug 2020 15:20:17 GMT" time="13.481" errors="0">
  <testcase name="login" time="13.481" classname="com.computech.testcases.LogoutTest"/>
</testsuite> <!-- com.computech.testcases.LogoutTest -->
