<?xml version="1.0" encoding="UTF-8"?>
<!-- Generated by org.testng.reporters.JUnitReportReporter -->
<testsuite skipped="0" hostname="Testing-PC" name="com.computech.unittest.TestExcelAndConfigProvider" tests="2" failures="0" timestamp="10 Aug 2020 14:37:15 GMT" time="0.653" errors="0">
  <testcase name="testConfigLib" time="0.015" classname="com.computech.unittest.TestExcelAndConfigProvider"/>
  <testcase name="testExcelLib" time="0.638" classname="com.computech.unittest.TestExcelAndConfigProvider"/>
</testsuite> <!-- com.computech.unittest.TestExcelAndConfigProvider -->
